<?xml version="1.0" encoding="utf-8"?><testsuites><testsuite errors="0" failures="0" hostname="project1" name="pytest" skipped="0" tests="4" time="0.845" timestamp="2021-08-13T14:29:12.333597"><testcase classname="service_1.tests.test_unit_1.TestResponse" name="test_index" time="0.067" /><testcase classname="service_2.tests.test_unit_2.TestResponse" name="test_get_occupation" time="0.041" /><testcase classname="service_3.tests.test_unit_3.TestResponse" name="test_get_species" time="0.021" /><testcase classname="service_4.tests.test_unit_4.TestResponse" name="test_get_occupation" time="0.074" /></testsuite></testsuites>